2017-12-09 18:22:00,826 INFO  [LogFile] ==================================================== 
2017-12-09 18:22:00,827 INFO  [LogFile] ++++++++++++++++++++TC001+++++++++++++++++++++ 
2017-12-09 18:22:00,827 INFO  [LogFile] ==================================================== 
2017-12-09 18:22:06,031 INFO  [LogFile] Textbox is working uname 
2017-12-09 18:22:06,107 INFO  [LogFile] Textbox is working password 
2017-12-09 18:22:08,767 INFO  [LogFile] Click function is working signin 
2017-12-09 18:22:08,835 INFO  [LogFile] Click function is working type 
2017-12-09 18:22:08,908 INFO  [LogFile] Drop down button is working passengerCount 
2017-12-09 18:22:09,010 INFO  [LogFile] Drop down button is working Airline 
2017-12-09 18:22:09,442 INFO  [LogFile] Click function is working Findcontinueclick 
2017-12-09 18:22:09,507 INFO  [LogFile] Click function is working departflight 
2017-12-09 18:22:09,568 INFO  [LogFile] Click function is working returnflight 
2017-12-09 18:22:10,234 INFO  [LogFile] Click function is working SelectContinueClick 
2017-12-09 18:22:10,361 INFO  [LogFile] Textbox is working Enterfirstname 
2017-12-09 18:22:10,451 INFO  [LogFile] Textbox is working Enterlastname 
2017-12-09 18:22:10,547 INFO  [LogFile] Textbox is working Entercardnumber 
2017-12-09 18:22:11,045 INFO  [LogFile] Click function is working SecurePurchase 
2017-12-09 18:22:11,053 INFO  [LogFile] Flight ticket is booked Successfully 
2017-12-09 18:22:11,615 INFO  [LogFile] Click function is working logout 
2017-12-09 18:22:11,896 INFO  [LogFile] ==================================================== 
2017-12-09 18:22:11,896 INFO  [LogFile] =================== END ====================== 
2017-12-09 18:22:12,138 INFO  [LogFile] ==================================================== 
2017-12-09 18:22:12,138 INFO  [LogFile] ++++++++++++++++++++TC002+++++++++++++++++++++ 
2017-12-09 18:22:12,138 INFO  [LogFile] ==================================================== 
2017-12-09 18:22:16,218 INFO  [LogFile] Textbox is working Signon_uname 
2017-12-09 18:22:16,313 INFO  [LogFile] Textbox is working Signon_password 
2017-12-09 18:22:17,213 INFO  [LogFile] Click function is working Signon_login 
2017-12-09 18:22:17,231 ERROR [LogFile] User Credential Validataion is FAIL  
2017-12-09 18:22:17,231 INFO  [LogFile] ==================================================== 
2017-12-09 18:22:17,231 INFO  [LogFile] =================== END ====================== 
2017-12-09 18:24:56,581 INFO  [LogFile] ==================================================== 
2017-12-09 18:24:56,581 INFO  [LogFile] ++++++++++++++++++++TC001+++++++++++++++++++++ 
2017-12-09 18:24:56,581 INFO  [LogFile] ==================================================== 
2017-12-09 18:25:01,601 INFO  [LogFile] Textbox is working uname 
2017-12-09 18:25:01,677 INFO  [LogFile] Textbox is working password 
2017-12-09 18:25:04,302 INFO  [LogFile] Click function is working signin 
2017-12-09 18:25:04,381 INFO  [LogFile] Click function is working type 
2017-12-09 18:25:04,450 INFO  [LogFile] Drop down button is working passengerCount 
2017-12-09 18:25:04,561 INFO  [LogFile] Drop down button is working Airline 
2017-12-09 18:25:04,918 INFO  [LogFile] Click function is working Findcontinueclick 
2017-12-09 18:25:04,987 INFO  [LogFile] Click function is working departflight 
2017-12-09 18:25:05,050 INFO  [LogFile] Click function is working returnflight 
2017-12-09 18:25:05,566 INFO  [LogFile] Click function is working SelectContinueClick 
2017-12-09 18:25:05,709 INFO  [LogFile] Textbox is working Enterfirstname 
2017-12-09 18:25:05,795 INFO  [LogFile] Textbox is working Enterlastname 
2017-12-09 18:25:05,897 INFO  [LogFile] Textbox is working Entercardnumber 
2017-12-09 18:25:06,408 INFO  [LogFile] Click function is working SecurePurchase 
2017-12-09 18:25:06,416 INFO  [LogFile] Flight ticket is booked Successfully 
2017-12-09 18:25:06,932 INFO  [LogFile] Click function is working logout 
2017-12-09 18:25:07,132 INFO  [LogFile] ==================================================== 
2017-12-09 18:25:07,132 INFO  [LogFile] =================== END ====================== 
2017-12-09 18:25:07,354 INFO  [LogFile] ==================================================== 
2017-12-09 18:25:07,354 INFO  [LogFile] ++++++++++++++++++++TC002+++++++++++++++++++++ 
2017-12-09 18:25:07,354 INFO  [LogFile] ==================================================== 
2017-12-09 18:25:11,442 INFO  [LogFile] Textbox is working Signon_uname 
2017-12-09 18:25:11,530 INFO  [LogFile] Textbox is working Signon_password 
2017-12-09 18:25:14,208 INFO  [LogFile] Click function is working Signon_login 
2017-12-09 18:25:14,219 INFO  [LogFile] User Credential Validataion is PASS  
2017-12-09 18:25:14,219 INFO  [LogFile] ==================================================== 
2017-12-09 18:25:14,219 INFO  [LogFile] =================== END ====================== 
2017-12-09 18:31:04,320 INFO  [LogFile] ==================================================== 
2017-12-09 18:31:04,320 INFO  [LogFile] ++++++++++++++++++++TC02+++++++++++++++++++++ 
2017-12-09 18:31:04,320 INFO  [LogFile] ==================================================== 
2017-12-09 18:31:08,472 INFO  [LogFile] Textbox is working Signon_uname 
2017-12-09 18:31:08,552 INFO  [LogFile] Textbox is working Signon_password 
2017-12-09 18:31:09,503 INFO  [LogFile] Click function is working Signon_login 
2017-12-09 18:31:09,513 ERROR [LogFile] User Credential Validataion is FAIL  
2017-12-09 18:31:09,513 INFO  [LogFile] ==================================================== 
2017-12-09 18:31:09,513 INFO  [LogFile] =================== END ====================== 
2017-12-10 21:37:17,706 INFO  [LogFile] ==================================================== 
2017-12-10 21:37:17,707 INFO  [LogFile] ++++++++++++++++++++TC001+++++++++++++++++++++ 
2017-12-10 21:37:17,707 INFO  [LogFile] ==================================================== 
2017-12-10 21:37:22,880 INFO  [LogFile] Textbox is working uname 
2017-12-10 21:37:22,955 INFO  [LogFile] Textbox is working password 
2017-12-10 21:37:25,599 INFO  [LogFile] Click function is working signin 
2017-12-10 21:37:25,668 INFO  [LogFile] Click function is working type 
2017-12-10 21:37:25,810 INFO  [LogFile] Drop down button is working passengerCount 
2017-12-10 21:37:25,941 INFO  [LogFile] Drop down button is working Airline 
2017-12-10 21:37:26,348 INFO  [LogFile] Click function is working Findcontinueclick 
2017-12-10 21:37:26,419 INFO  [LogFile] Click function is working departflight 
2017-12-10 21:37:26,488 INFO  [LogFile] Click function is working returnflight 
2017-12-10 21:37:27,033 INFO  [LogFile] Click function is working SelectContinueClick 
2017-12-10 21:37:27,160 INFO  [LogFile] Textbox is working Enterfirstname 
2017-12-10 21:37:27,250 INFO  [LogFile] Textbox is working Enterlastname 
2017-12-10 21:37:27,360 INFO  [LogFile] Textbox is working Entercardnumber 
2017-12-10 21:37:27,904 INFO  [LogFile] Click function is working SecurePurchase 
2017-12-10 21:37:27,919 INFO  [LogFile] Flight ticket is booked Successfully 
2017-12-10 21:37:28,482 INFO  [LogFile] Click function is working logout 
2017-12-10 21:37:28,753 INFO  [LogFile] ==================================================== 
2017-12-10 21:37:28,753 INFO  [LogFile] =================== END ====================== 
2017-12-10 21:37:29,144 INFO  [LogFile] ==================================================== 
2017-12-10 21:37:29,145 INFO  [LogFile] ++++++++++++++++++++TC002+++++++++++++++++++++ 
2017-12-10 21:37:29,145 INFO  [LogFile] ==================================================== 
2017-12-10 21:37:33,052 INFO  [LogFile] Textbox is working Signon_uname 
2017-12-10 21:37:33,125 INFO  [LogFile] Textbox is working Signon_password 
2017-12-10 21:37:35,793 INFO  [LogFile] Click function is working Signon_login 
2017-12-10 21:37:35,808 INFO  [LogFile] User Credential Validataion is PASS  
2017-12-10 21:37:35,808 INFO  [LogFile] ==================================================== 
2017-12-10 21:37:35,808 INFO  [LogFile] =================== END ====================== 
2017-12-10 21:38:26,395 INFO  [LogFile] ==================================================== 
2017-12-10 21:38:26,395 INFO  [LogFile] ++++++++++++++++++++TC001+++++++++++++++++++++ 
2017-12-10 21:38:26,395 INFO  [LogFile] ==================================================== 
2017-12-10 21:38:31,391 INFO  [LogFile] Textbox is working uname 
2017-12-10 21:38:31,471 INFO  [LogFile] Textbox is working password 
2017-12-10 21:38:34,081 INFO  [LogFile] Click function is working signin 
2017-12-10 21:38:34,151 INFO  [LogFile] Click function is working type 
2017-12-10 21:38:34,225 INFO  [LogFile] Drop down button is working passengerCount 
2017-12-10 21:38:34,311 INFO  [LogFile] Drop down button is working Airline 
2017-12-10 21:38:34,713 INFO  [LogFile] Click function is working Findcontinueclick 
2017-12-10 21:38:34,778 INFO  [LogFile] Click function is working departflight 
2017-12-10 21:38:34,843 INFO  [LogFile] Click function is working returnflight 
2017-12-10 21:38:35,528 INFO  [LogFile] Click function is working SelectContinueClick 
2017-12-10 21:38:35,633 INFO  [LogFile] Textbox is working Enterfirstname 
2017-12-10 21:38:35,718 INFO  [LogFile] Textbox is working Enterlastname 
2017-12-10 21:38:35,814 INFO  [LogFile] Textbox is working Entercardnumber 
2017-12-10 21:38:36,329 INFO  [LogFile] Click function is working SecurePurchase 
2017-12-10 21:38:36,342 INFO  [LogFile] Flight ticket is booked Successfully 
2017-12-10 21:38:36,895 INFO  [LogFile] Click function is working logout 
2017-12-10 21:38:37,098 INFO  [LogFile] ==================================================== 
2017-12-10 21:38:37,098 INFO  [LogFile] =================== END ====================== 
2017-12-10 21:38:37,371 INFO  [LogFile] ==================================================== 
2017-12-10 21:38:37,371 INFO  [LogFile] ++++++++++++++++++++TC002+++++++++++++++++++++ 
2017-12-10 21:38:37,371 INFO  [LogFile] ==================================================== 
2017-12-10 21:38:41,254 INFO  [LogFile] Textbox is working Signon_uname 
2017-12-10 21:38:41,327 INFO  [LogFile] Textbox is working Signon_password 
2017-12-10 21:38:42,224 INFO  [LogFile] Click function is working Signon_login 
2017-12-10 21:38:42,660 ERROR [LogFile] User Credential Validataion is FAIL  
2017-12-10 21:38:42,661 INFO  [LogFile] ==================================================== 
2017-12-10 21:38:42,661 INFO  [LogFile] =================== END ====================== 
2017-12-10 22:55:01,693 INFO  [LogFile] ==================================================== 
2017-12-10 22:55:01,694 INFO  [LogFile] ++++++++++++++++++++TC001+++++++++++++++++++++ 
2017-12-10 22:55:01,694 INFO  [LogFile] ==================================================== 
2017-12-10 22:55:09,416 INFO  [LogFile] Textbox is working uname 
2017-12-10 22:55:09,943 INFO  [LogFile] Textbox is working password 
2017-12-10 22:55:12,762 INFO  [LogFile] Click function is working signin 
2017-12-10 22:55:12,835 INFO  [LogFile] Click function is working type 
2017-12-10 22:55:12,911 INFO  [LogFile] Drop down button is working passengerCount 
2017-12-10 22:55:13,003 INFO  [LogFile] Drop down button is working Airline 
2017-12-10 22:55:13,380 INFO  [LogFile] Click function is working Findcontinueclick 
2017-12-10 22:55:13,563 INFO  [LogFile] Click function is working departflight 
2017-12-10 22:55:13,638 INFO  [LogFile] Click function is working returnflight 
2017-12-10 22:55:16,581 INFO  [LogFile] Click function is working SelectContinueClick 
2017-12-10 22:55:16,768 INFO  [LogFile] Textbox is working Enterfirstname 
2017-12-10 22:55:16,927 INFO  [LogFile] Textbox is working Enterlastname 
2017-12-10 22:55:17,135 INFO  [LogFile] Textbox is working Entercardnumber 
2017-12-10 22:55:18,450 INFO  [LogFile] Click function is working SecurePurchase 
2017-12-10 22:55:18,470 INFO  [LogFile] Flight ticket is booked Successfully 
2017-12-10 22:55:19,290 INFO  [LogFile] Click function is working logout 
2017-12-10 22:55:19,622 INFO  [LogFile] ==================================================== 
2017-12-10 22:55:19,622 INFO  [LogFile] =================== END ====================== 
2017-12-10 22:55:19,913 INFO  [LogFile] ==================================================== 
2017-12-10 22:55:19,913 INFO  [LogFile] ++++++++++++++++++++TC002+++++++++++++++++++++ 
2017-12-10 22:55:19,913 INFO  [LogFile] ==================================================== 
2017-12-10 22:55:24,665 INFO  [LogFile] Textbox is working Signon_uname 
2017-12-10 22:55:24,747 INFO  [LogFile] Textbox is working Signon_password 
2017-12-10 22:55:28,389 INFO  [LogFile] Click function is working Signon_login 
2017-12-10 22:55:28,880 ERROR [LogFile] User Credential Validataion is FAIL  
2017-12-10 22:55:28,880 INFO  [LogFile] ==================================================== 
2017-12-10 22:55:28,880 INFO  [LogFile] =================== END ====================== 
2017-12-12 22:05:31,750 INFO  [LogFile] ==================================================== 
2017-12-12 22:05:31,751 INFO  [LogFile] ++++++++++++++++++++TC001+++++++++++++++++++++ 
2017-12-12 22:05:31,751 INFO  [LogFile] ==================================================== 
2017-12-12 22:05:37,121 INFO  [LogFile] Textbox is working uname 
2017-12-12 22:05:37,192 INFO  [LogFile] Textbox is working password 
2017-12-12 22:05:43,583 INFO  [LogFile] Click function is working signin 
2017-12-12 22:05:43,670 INFO  [LogFile] Click function is working type 
2017-12-12 22:05:43,754 INFO  [LogFile] Drop down button is working passengerCount 
2017-12-12 22:05:43,853 INFO  [LogFile] Drop down button is working Airline 
2017-12-12 22:05:44,956 INFO  [LogFile] Click function is working Findcontinueclick 
2017-12-12 22:05:45,037 INFO  [LogFile] Click function is working departflight 
2017-12-12 22:05:45,104 INFO  [LogFile] Click function is working returnflight 
2017-12-12 22:05:45,784 INFO  [LogFile] Click function is working SelectContinueClick 
2017-12-12 22:05:45,907 INFO  [LogFile] Textbox is working Enterfirstname 
2017-12-12 22:05:46,004 INFO  [LogFile] Textbox is working Enterlastname 
2017-12-12 22:05:46,113 INFO  [LogFile] Textbox is working Entercardnumber 
2017-12-12 22:05:46,870 INFO  [LogFile] Click function is working SecurePurchase 
2017-12-12 22:05:46,879 INFO  [LogFile] Flight ticket is booked Successfully 
2017-12-12 22:05:48,187 INFO  [LogFile] Click function is working logout 
2017-12-12 22:05:48,291 INFO  [LogFile] ==================================================== 
2017-12-12 22:05:48,291 INFO  [LogFile] =================== END ====================== 
2017-12-12 22:05:48,778 INFO  [LogFile] ==================================================== 
2017-12-12 22:05:48,778 INFO  [LogFile] ++++++++++++++++++++TC002+++++++++++++++++++++ 
2017-12-12 22:05:48,778 INFO  [LogFile] ==================================================== 
2017-12-12 22:05:51,633 INFO  [LogFile] Textbox is working Signon_uname 
2017-12-12 22:05:51,707 INFO  [LogFile] Textbox is working Signon_password 
2017-12-12 22:05:52,766 INFO  [LogFile] Click function is working Signon_login 
2017-12-12 22:05:53,100 ERROR [LogFile] User Credential Validataion is FAIL  
2017-12-12 22:05:53,100 INFO  [LogFile] ==================================================== 
2017-12-12 22:05:53,100 INFO  [LogFile] =================== END ====================== 
2017-12-12 22:11:07,353 INFO  [LogFile] ==================================================== 
2017-12-12 22:11:07,353 INFO  [LogFile] ++++++++++++++++++++TC001+++++++++++++++++++++ 
2017-12-12 22:11:07,353 INFO  [LogFile] ==================================================== 
2017-12-12 22:11:11,568 INFO  [LogFile] Textbox is working uname 
2017-12-12 22:11:11,638 INFO  [LogFile] Textbox is working password 
2017-12-12 22:11:14,975 INFO  [LogFile] Click function is working signin 
2017-12-12 22:11:15,049 INFO  [LogFile] Click function is working type 
2017-12-12 22:11:15,132 INFO  [LogFile] Drop down button is working passengerCount 
2017-12-12 22:11:15,250 INFO  [LogFile] Drop down button is working Airline 
2017-12-12 22:11:15,784 INFO  [LogFile] Click function is working Findcontinueclick 
2017-12-12 22:11:15,866 INFO  [LogFile] Click function is working departflight 
2017-12-12 22:11:15,939 INFO  [LogFile] Click function is working returnflight 
2017-12-12 22:11:17,515 INFO  [LogFile] Click function is working SelectContinueClick 
2017-12-12 22:11:17,651 INFO  [LogFile] Textbox is working Enterfirstname 
2017-12-12 22:11:17,762 INFO  [LogFile] Textbox is working Enterlastname 
2017-12-12 22:11:17,893 INFO  [LogFile] Textbox is working Entercardnumber 
2017-12-12 22:11:18,612 INFO  [LogFile] Click function is working SecurePurchase 
2017-12-12 22:11:18,620 INFO  [LogFile] Flight ticket is booked Successfully 
2017-12-12 22:11:19,196 INFO  [LogFile] Click function is working logout 
2017-12-12 22:11:19,296 INFO  [LogFile] ==================================================== 
2017-12-12 22:11:19,296 INFO  [LogFile] =================== END ====================== 
2017-12-12 22:11:19,854 INFO  [LogFile] ==================================================== 
2017-12-12 22:11:19,854 INFO  [LogFile] ++++++++++++++++++++TC002+++++++++++++++++++++ 
2017-12-12 22:11:19,855 INFO  [LogFile] ==================================================== 
2017-12-12 22:11:22,844 INFO  [LogFile] Textbox is working Signon_uname 
2017-12-12 22:11:22,921 INFO  [LogFile] Textbox is working Signon_password 
2017-12-12 22:11:24,030 INFO  [LogFile] Click function is working Signon_login 
2017-12-12 22:11:24,330 ERROR [LogFile] User Credential Validataion is FAIL  
2017-12-12 22:11:24,330 INFO  [LogFile] ==================================================== 
2017-12-12 22:11:24,330 INFO  [LogFile] =================== END ====================== 
2017-12-12 22:25:05,857 INFO  [LogFile] ==================================================== 
2017-12-12 22:25:05,857 INFO  [LogFile] ++++++++++++++++++++TC001+++++++++++++++++++++ 
2017-12-12 22:25:05,857 INFO  [LogFile] ==================================================== 
2017-12-12 22:25:14,362 INFO  [LogFile] Textbox is working uname 
2017-12-12 22:25:14,455 INFO  [LogFile] Textbox is working password 
2017-12-12 22:25:18,385 INFO  [LogFile] Click function is working signin 
2017-12-12 22:25:18,474 INFO  [LogFile] Click function is working type 
2017-12-12 22:25:18,565 INFO  [LogFile] Drop down button is working passengerCount 
2017-12-12 22:25:18,658 INFO  [LogFile] Drop down button is working Airline 
2017-12-12 22:25:19,377 INFO  [LogFile] Click function is working Findcontinueclick 
2017-12-12 22:25:19,465 INFO  [LogFile] Click function is working departflight 
2017-12-12 22:25:19,558 INFO  [LogFile] Click function is working returnflight 
2017-12-12 22:25:23,374 INFO  [LogFile] Click function is working SelectContinueClick 
2017-12-12 22:25:23,520 INFO  [LogFile] Textbox is working Enterfirstname 
2017-12-12 22:25:23,640 INFO  [LogFile] Textbox is working Enterlastname 
2017-12-12 22:25:23,738 INFO  [LogFile] Textbox is working Entercardnumber 
2017-12-12 22:25:24,797 INFO  [LogFile] Click function is working SecurePurchase 
2017-12-12 22:25:24,806 INFO  [LogFile] Flight ticket is booked Successfully 
2017-12-12 22:25:33,524 INFO  [LogFile] Click function is working logout 
2017-12-12 22:25:33,591 INFO  [LogFile] ==================================================== 
2017-12-12 22:25:33,591 INFO  [LogFile] =================== END ====================== 
2017-12-12 22:25:33,966 INFO  [LogFile] ==================================================== 
2017-12-12 22:25:33,966 INFO  [LogFile] ++++++++++++++++++++TC002+++++++++++++++++++++ 
2017-12-12 22:25:33,966 INFO  [LogFile] ==================================================== 
2017-12-12 22:25:37,808 INFO  [LogFile] Textbox is working Signon_uname 
2017-12-12 22:25:37,888 INFO  [LogFile] Textbox is working Signon_password 
2017-12-12 22:25:39,162 INFO  [LogFile] Click function is working Signon_login 
2017-12-12 22:25:39,589 ERROR [LogFile] User Credential Validataion is FAIL  
2017-12-12 22:25:39,589 INFO  [LogFile] ==================================================== 
2017-12-12 22:25:39,589 INFO  [LogFile] =================== END ====================== 
2017-12-12 22:27:31,415 INFO  [LogFile] ==================================================== 
2017-12-12 22:27:31,415 INFO  [LogFile] ++++++++++++++++++++TC001+++++++++++++++++++++ 
2017-12-12 22:27:31,415 INFO  [LogFile] ==================================================== 
2017-12-12 22:27:48,014 INFO  [LogFile] Textbox is working uname 
2017-12-12 22:27:48,115 INFO  [LogFile] Textbox is working password 
2017-12-12 22:27:52,663 INFO  [LogFile] Click function is working signin 
2017-12-12 22:27:52,771 INFO  [LogFile] Click function is working type 
2017-12-12 22:27:52,888 INFO  [LogFile] Drop down button is working passengerCount 
2017-12-12 22:27:53,016 INFO  [LogFile] Drop down button is working Airline 
2017-12-12 22:27:53,635 INFO  [LogFile] Click function is working Findcontinueclick 
2017-12-12 22:27:53,742 INFO  [LogFile] Click function is working departflight 
2017-12-12 22:27:53,834 INFO  [LogFile] Click function is working returnflight 
2017-12-12 22:27:54,439 INFO  [LogFile] Click function is working SelectContinueClick 
2017-12-12 22:27:54,628 INFO  [LogFile] Textbox is working Enterfirstname 
2017-12-12 22:27:54,775 INFO  [LogFile] Textbox is working Enterlastname 
2017-12-12 22:27:54,975 INFO  [LogFile] Textbox is working Entercardnumber 
2017-12-12 22:27:58,579 INFO  [LogFile] Click function is working SecurePurchase 
2017-12-12 22:27:58,595 INFO  [LogFile] Flight ticket is booked Successfully 
2017-12-12 22:28:01,740 INFO  [LogFile] Click function is working logout 
2017-12-12 22:28:01,793 INFO  [LogFile] ==================================================== 
2017-12-12 22:28:01,793 INFO  [LogFile] =================== END ====================== 
2017-12-12 22:28:02,235 INFO  [LogFile] ==================================================== 
2017-12-12 22:28:02,235 INFO  [LogFile] ++++++++++++++++++++TC002+++++++++++++++++++++ 
2017-12-12 22:28:02,235 INFO  [LogFile] ==================================================== 
2017-12-12 22:28:08,731 INFO  [LogFile] Textbox is working Signon_uname 
2017-12-12 22:28:08,810 INFO  [LogFile] Textbox is working Signon_password 
2017-12-12 22:28:12,595 INFO  [LogFile] Click function is working Signon_login 
2017-12-12 22:28:12,985 ERROR [LogFile] User Credential Validataion is FAIL  
2017-12-12 22:28:12,986 INFO  [LogFile] ==================================================== 
2017-12-12 22:28:12,986 INFO  [LogFile] =================== END ====================== 
